#
# There is insufficient memory for the Java Runtime Environment to continue.
# Native memory allocation (mmap) failed to map 132120576 bytes for G1 virtual space
# Possible reasons:
#   The system is out of physical RAM or swap space
#   The process is running with CompressedOops enabled, and the Java Heap may be blocking the growth of the native heap
# Possible solutions:
#   Reduce memory load on the system
#   Increase physical memory or swap space
#   Check if swap backing store is full
#   Decrease Java heap size (-Xmx/-Xms)
#   Decrease number of Java threads
#   Decrease Java thread stack sizes (-Xss)
#   Set larger code cache with -XX:ReservedCodeCacheSize=
#   JVM is running with Unscaled Compressed Oops mode in which the Java heap is
#     placed in the first 4GB address space. The Java Heap base address is the
#     maximum limit for the native heap growth. Please use -XX:HeapBaseMinAddress
#     to set the Java Heap base and to place the Java Heap above 4GB virtual address.
# This output file may be truncated or incomplete.
#
#  Out of Memory Error (os_windows.cpp:3825), pid=9812, tid=21480
#
# JRE version:  (17.0.9+7) (build )
# Java VM: OpenJDK 64-Bit Server VM (17.0.9+7-b1000.46, mixed mode, sharing, tiered, compressed oops, compressed class ptrs, g1 gc, windows-amd64)
# No core dump will be written. Minidumps are not enabled by default on client versions of Windows
#

---------------  S U M M A R Y ------------

Command Line: git4idea.http.GitAskPassApp Username for 'https://github.com': 

Host: Intel(R) Core(TM) i5-8250U CPU @ 1.60GHz, 8 cores, 7G,  Windows 10 , 64 bit Build 19041 (10.0.19041.2913)
Time: Thu Jun 27 16:46:39 2024 Bangladesh Standard Time elapsed time: 0.016725 seconds (0d 0h 0m 0s)

---------------  T H R E A D  ---------------

Current thread (0x0000029c778f90f0):  JavaThread "Unknown thread" [_thread_in_vm, id=21480, stack(0x000000f957600000,0x000000f957700000)]

Stack: [0x000000f957600000,0x000000f957700000]
Native frames: (J=compiled Java code, j=interpreted, Vv=VM code, C=native code)
V  [jvm.dll+0x6886e9]
V  [jvm.dll+0x841e4a]
V  [jvm.dll+0x843a8e]
V  [jvm.dll+0x8440f3]
V  [jvm.dll+0x24c14f]
V  [jvm.dll+0x685499]
V  [jvm.dll+0x679c2a]
V  [jvm.dll+0x30cf9b]
V  [jvm.dll+0x314446]
V  [jvm.dll+0x36425e]
V  [jvm.dll+0x36448f]
V  [jvm.dll+0x2e2d68]
V  [jvm.dll+0x2e3cd4]
V  [jvm.dll+0x8129f1]
V  [jvm.dll+0x3720c1]
V  [jvm.dll+0x7f152c]
V  [jvm.dll+0x3f5d4f]
V  [jvm.dll+0x3f7981]
C  [jli.dll+0x528f]
C  [ucrtbase.dll+0x21bb2]
C  [KERNEL32.DLL+0x17614]
C  [ntdll.dll+0x526a1]


---------------  P R O C E S S  ---------------

Threads class SMR info:
_java_thread_list=0x00007ffc28beef18, length=0, elements={
}

Java Threads: ( => current thread )

Other Threads:
  0x0000029c77954d80 GCTaskThread "GC Thread#0" [stack: 0x000000f957700000,0x000000f957800000] [id=20128]
  0x0000029c77965810 ConcurrentGCThread "G1 Main Marker" [stack: 0x000000f957800000,0x000000f957900000] [id=21264]
  0x0000029c779669d0 ConcurrentGCThread "G1 Conc#0" [stack: 0x000000f957900000,0x000000f957a00000] [id=21636]

[error occurred during error reporting (printing all threads), id 0xc0000005, EXCEPTION_ACCESS_VIOLATION (0xc0000005) at pc=0x00007ffc283a3937]

VM state: not at safepoint (not fully initialized)

VM Mutex/Monitor currently owned by a thread:  ([mutex/lock_event])
[0x0000029c778f38b0] Heap_lock - owner thread: 0x0000029c778f90f0

Heap address: 0x0000000082600000, size: 2010 MB, Compressed Oops mode: 32-bit

CDS archive(s) mapped at: [0x0000000000000000-0x0000000000000000-0x0000000000000000), size 0, SharedBaseAddress: 0x0000000800000000, ArchiveRelocationMode: 1.
Narrow klass base: 0x0000000000000000, Narrow klass shift: 0, Narrow klass range: 0x0

GC Precious Log:
<Empty>

Heap:
 garbage-first heap   total 0K, used 0K [0x0000000082600000, 0x0000000100000000)
  region size 1024K, 0 young (0K), 0 survivors (0K)
 Metaspace       used 0K, committed 0K, reserved 0K
  class space    used 0K, committed 0K, reserved 0K

Heap Regions: E=young(eden), S=young(survivor), O=old, HS=humongous(starts), HC=humongous(continues), CS=collection set, F=free, OA=open archive, CA=closed archive, TAMS=top-at-mark-start (previous, next)

Card table byte_map: [0x0000029c7b7c0000,0x0000029c7bbb0000] _byte_map_base: 0x0000029c7b3ad000

Marking Bits (Prev, Next): (CMBitMap*) 0x0000029c779553a0, (CMBitMap*) 0x0000029c779553e0
 Prev Bits: [0x0000029c7bfa0000, 0x0000029c7df08000)
 Next Bits: [0x0000029c7df10000, 0x0000029c7fe78000)

GC Heap History (0 events):
No events

Dll operation events (1 events):
Event: 0.009 Loaded shared library C:\Program Files\JetBrains\IntelliJ IDEA 2023.2.4\jbr\bin\java.dll

Deoptimization events (0 events):
No events

Classes unloaded (0 events):
No events

Classes redefined (0 events):
No events

Internal exceptions (0 events):
No events

VM Operations (0 events):
No events

Events (0 events):
No events


Dynamic libraries:
0x00007ff743f90000 - 0x00007ff743f9a000 	C:\Program Files\JetBrains\IntelliJ IDEA 2023.2.4\jbr\bin\java.exe
0x00007ffcb7ff0000 - 0x00007ffcb81e8000 	C:\WINDOWS\SYSTEM32\ntdll.dll
0x00007ffcb6bd0000 - 0x00007ffcb6c8f000 	C:\WINDOWS\System32\KERNEL32.DLL
0x00007ffcb5b30000 - 0x00007ffcb5e26000 	C:\WINDOWS\System32\KERNELBASE.dll
0x00007ffcb5900000 - 0x00007ffcb5a00000 	C:\WINDOWS\System32\ucrtbase.dll
0x00007ffc864a0000 - 0x00007ffc864bb000 	C:\Program Files\JetBrains\IntelliJ IDEA 2023.2.4\jbr\bin\VCRUNTIME140.dll
0x00007ffc27a40000 - 0x00007ffc27a57000 	C:\Program Files\JetBrains\IntelliJ IDEA 2023.2.4\jbr\bin\jli.dll
0x00007ffcb6970000 - 0x00007ffcb6b0d000 	C:\WINDOWS\System32\USER32.dll
0x00007ffcb5770000 - 0x00007ffcb5792000 	C:\WINDOWS\System32\win32u.dll
0x00007ffcb4ad0000 - 0x00007ffcb4d6a000 	C:\WINDOWS\WinSxS\amd64_microsoft.windows.common-controls_6595b64144ccf1df_6.0.19041.1110_none_60b5254171f9507e\COMCTL32.dll
0x00007ffcb6db0000 - 0x00007ffcb6ddc000 	C:\WINDOWS\System32\GDI32.dll
0x00007ffcb71b0000 - 0x00007ffcb724e000 	C:\WINDOWS\System32\msvcrt.dll
0x00007ffcb5e30000 - 0x00007ffcb5f45000 	C:\WINDOWS\System32\gdi32full.dll
0x00007ffcb56d0000 - 0x00007ffcb576d000 	C:\WINDOWS\System32\msvcp_win.dll
0x00007ffcb6de0000 - 0x00007ffcb6e10000 	C:\WINDOWS\System32\IMM32.DLL
0x00007ffca95f0000 - 0x00007ffca95fc000 	C:\Program Files\JetBrains\IntelliJ IDEA 2023.2.4\jbr\bin\vcruntime140_1.dll
0x00007ffc6d980000 - 0x00007ffc6da0d000 	C:\Program Files\JetBrains\IntelliJ IDEA 2023.2.4\jbr\bin\msvcp140.dll
0x00007ffc280b0000 - 0x00007ffc28d33000 	C:\Program Files\JetBrains\IntelliJ IDEA 2023.2.4\jbr\bin\server\jvm.dll
0x00007ffcb7ea0000 - 0x00007ffcb7f4f000 	C:\WINDOWS\System32\ADVAPI32.dll
0x00007ffcb6c90000 - 0x00007ffcb6d2c000 	C:\WINDOWS\System32\sechost.dll
0x00007ffcb64f0000 - 0x00007ffcb6616000 	C:\WINDOWS\System32\RPCRT4.dll
0x00007ffcb5490000 - 0x00007ffcb54db000 	C:\WINDOWS\SYSTEM32\POWRPROF.dll
0x00007ffcab490000 - 0x00007ffcab499000 	C:\WINDOWS\SYSTEM32\WSOCK32.dll
0x00007ffcaa3c0000 - 0x00007ffcaa3ca000 	C:\WINDOWS\SYSTEM32\VERSION.dll
0x00007ffc8cf30000 - 0x00007ffc8cf57000 	C:\WINDOWS\SYSTEM32\WINMM.dll
0x00007ffcb6d30000 - 0x00007ffcb6d9b000 	C:\WINDOWS\System32\WS2_32.dll
0x00007ffcb5470000 - 0x00007ffcb5482000 	C:\WINDOWS\SYSTEM32\UMPDC.dll
0x00007ffcb31e0000 - 0x00007ffcb31f2000 	C:\WINDOWS\SYSTEM32\kernel.appcore.dll
0x00007ffc398d0000 - 0x00007ffc398da000 	C:\Program Files\JetBrains\IntelliJ IDEA 2023.2.4\jbr\bin\jimage.dll
0x00007ffcb5060000 - 0x00007ffcb5244000 	C:\WINDOWS\SYSTEM32\DBGHELP.DLL
0x00007ffcb5020000 - 0x00007ffcb5054000 	C:\WINDOWS\SYSTEM32\dbgcore.DLL
0x00007ffcb5aa0000 - 0x00007ffcb5b22000 	C:\WINDOWS\System32\bcryptPrimitives.dll
0x00007ffc28080000 - 0x00007ffc280a5000 	C:\Program Files\JetBrains\IntelliJ IDEA 2023.2.4\jbr\bin\java.dll

dbghelp: loaded successfully - version: 4.0.5 - missing functions: none
symbol engine: initialized successfully - sym options: 0x614 - pdb path: .;C:\Program Files\JetBrains\IntelliJ IDEA 2023.2.4\jbr\bin;C:\WINDOWS\SYSTEM32;C:\WINDOWS\WinSxS\amd64_microsoft.windows.common-controls_6595b64144ccf1df_6.0.19041.1110_none_60b5254171f9507e;C:\Program Files\JetBrains\IntelliJ IDEA 2023.2.4\jbr\bin\server

VM Arguments:
java_command: git4idea.http.GitAskPassApp Username for 'https://github.com': 
java_class_path (initial): C:/Program Files/JetBrains/IntelliJ IDEA 2023.2.4/plugins/vcs-git/lib/git4idea-rt.jar;C:/Program Files/JetBrains/IntelliJ IDEA 2023.2.4/lib/externalProcess-rt.jar
Launcher Type: SUN_STANDARD

[Global flags]
     intx CICompilerCount                          = 4                                         {product} {ergonomic}
     uint ConcGCThreads                            = 2                                         {product} {ergonomic}
     uint G1ConcRefinementThreads                  = 8                                         {product} {ergonomic}
   size_t G1HeapRegionSize                         = 1048576                                   {product} {ergonomic}
    uintx GCDrainStackTargetSize                   = 64                                        {product} {ergonomic}
   size_t InitialHeapSize                          = 132120576                                 {product} {ergonomic}
   size_t MarkStackSize                            = 4194304                                   {product} {ergonomic}
   size_t MaxHeapSize                              = 2107637760                                {product} {ergonomic}
   size_t MinHeapDeltaBytes                        = 1048576                                   {product} {ergonomic}
   size_t MinHeapSize                              = 8388608                                   {product} {ergonomic}
    uintx NonNMethodCodeHeapSize                   = 5839372                                {pd product} {ergonomic}
    uintx NonProfiledCodeHeapSize                  = 122909434                              {pd product} {ergonomic}
    uintx ProfiledCodeHeapSize                     = 122909434                              {pd product} {ergonomic}
    uintx ReservedCodeCacheSize                    = 251658240                              {pd product} {ergonomic}
     bool SegmentedCodeCache                       = true                                      {product} {ergonomic}
   size_t SoftMaxHeapSize                          = 2107637760                             {manageable} {ergonomic}
     bool UseCompressedClassPointers               = true                           {product lp64_product} {ergonomic}
     bool UseCompressedOops                        = true                           {product lp64_product} {ergonomic}
     bool UseG1GC                                  = true                                      {product} {ergonomic}
     bool UseLargePagesIndividualAllocation        = false                                  {pd product} {ergonomic}

Logging:
Log output configuration:
 #0: stdout all=warning uptime,level,tags
 #1: stderr all=off uptime,level,tags

Environment Variables:
PATH=C:\Program Files\Git\mingw64\libexec\git-core;C:\Program Files\Git\mingw64\libexec\git-core;C:\Program Files\Git\mingw64\bin;C:\Program Files\Git\usr\bin;C:\Users\wt\bin;C:\WINDOWS\system32;C:\WINDOWS;C:\WINDOWS\System32\Wbem;C:\WINDOWS\System32\WindowsPowerShell\v1.0;C:\WINDOWS\System32\OpenSSH;C:\Program Files\Git\cmd;C:\Program Files (x86)\Intel\Intel(R) Management Engine Components\DAL;C:\Program Files\Intel\Intel(R) Management Engine Components\DAL;C:\ProgramData\ComposerSetup\bin;C:\Program Files\PuTTY;C:\Program Files\dotnet;C:\Users\wt\AppData\Roaming\nvm;C:\Program Files\nodejs;C:\ngrok;C:\stripe\stripe.exe;C:\xampp\php;E:\xampp\php;C:\Program Files\Docker\Docker\resources\bin;C:\Program Files\nodejs;C:\Users\wt\miniconda3;C:\Users\wt\miniconda3\Library\mingw-w64\bin;C:\Users\wt\miniconda3\Library\usr\bin;C:\Users\wt\miniconda3\Library\bin;C:\Users\wt\miniconda3\Scripts;C:\Users\wt\AppData\Local\Programs\Python\Python312\Scripts;C:\Users\wt\AppData\Local\Programs\Python\Python312;C:\Users\wt\AppData\Local\Programs\Python\Launcher;C:\Users\wt\AppData\Local\Microsoft\WindowsApps;C:\Users\wt\AppData\Roaming\Composer\vendor\bin;C:\Users\wt\AppData\Local\Programs\Microsoft VS Code\bin;C:\Program Files\JetBrains\IntelliJ IDEA 2023.2.4\bin;C:\Users\wt\AppData\Roaming\nvm;C:\Program Files\nodejs;C:\Users\wt\AppData\Local\Programs\Python\Python312\python.exe;C:\Users\wt\AppData\Roaming\npm
USERNAME=wt
DISPLAY=:0.0
LC_ALL=en_US.UTF-8
TERM=cygwin
TMPDIR=C:\Users\wt\AppData\Local\Temp
OS=Windows_NT
PROCESSOR_IDENTIFIER=Intel64 Family 6 Model 142 Stepping 10, GenuineIntel
TMP=C:\Users\wt\AppData\Local\Temp
TEMP=C:\Users\wt\AppData\Local\Temp



Periodic native trim disabled

JNI global refs:
JNI global refs: 0, weak refs: 0

JNI global refs memory usage: 0, weak refs: 0

OOME stack traces (most recent first):
Classloader memory used:


---------------  S Y S T E M  ---------------

OS:
 Windows 10 , 64 bit Build 19041 (10.0.19041.2913)
OS uptime: 3 days 0:44 hours
Hyper-V role detected

CPU: total 8 (initial active 8) (4 cores per cpu, 2 threads per core) family 6 model 142 stepping 10 microcode 0xf2, cx8, cmov, fxsr, ht, mmx, 3dnowpref, sse, sse2, sse3, ssse3, sse4.1, sse4.2, popcnt, lzcnt, tsc, tscinvbit, avx, avx2, aes, erms, clmul, bmi1, bmi2, adx, fma, vzeroupper, clflush, clflushopt, hv
Processor Information for all 8 processors :
  Max Mhz: 1800, Current Mhz: 1600, Mhz Limit: 1584

Memory: 4k page, system-wide physical 8035M (488M free)
TotalPageFile size 25587M (AvailPageFile size 3M)
current process WorkingSet (physical memory assigned to process): 10M, peak: 10M
current process commit charge ("private bytes"): 60M, peak: 186M

vm_info: OpenJDK 64-Bit Server VM (17.0.9+7-b1000.46) for windows-amd64 JRE (17.0.9+7-b1000.46), built on 2023-10-27 by "builduser" with MS VC++ 16.10 / 16.11 (VS2019)

END.
